Build started 4/19/2013 1:54:25 PM.
     1>Project "C:\PG612\ex09\raytracer.vcxproj" on node 2 (build target(s)).
     1>InitializeBuildStatus:
         Creating "Debug\raytracer.unsuccessfulbuild" because "AlwaysCreate" was specified.
       ClCompile:
         C:\Program Files (x86)\Microsoft Visual Studio 10.0\VC\bin\CL.exe /c /Iinclude /I"C:\libraries\i386\assimp--3.0.1270-sdk\include" /I"C:\libraries\i386\glm-0.9.4.1" /I"C:\libraries\i386\DevIL-SDK-x86-1.7.8\include" /I"C:\libraries\i386\freetype-2.4.10\include" /I"C:\libraries\i386\DevIL-SDK-x86-1.7.8\include" /IC:\libraries\i386\opencv\include /ZI /nologo /W3 /WX- /MP /Od /Oy- /D WIN32 /D _DEBUG /D _CONSOLE /Gm /EHsc /RTC1 /MDd /GS /fp:precise /Zc:wchar_t /Zc:forScope /openmp- /Fo"Debug\\" /Fd"Debug\vc100.pdb" /Gd /TP /analyze- /errorReport:prompt src\main.cpp
         main.cpp
       ManifestResourceCompile:
         All outputs are up-to-date.
       Link:
         C:\Program Files (x86)\Microsoft Visual Studio 10.0\VC\bin\link.exe /ERRORREPORT:PROMPT /OUT:"C:\PG612\ex09\Debug\raytracer.exe" /INCREMENTAL /NOLOGO /LIBPATH:"C:\libraries\i386\assimp--3.0.1270-sdk\lib\assimp_release-dll_win32" /LIBPATH:"C:\libraries\i386\DevIL-SDK-x86-1.7.8\lib" /LIBPATH:"C:\libraries\i386\freetype-2.4.10\objs\win32\vc2010" /LIBPATH:"C:\libraries\i386\DevIL-SDK-x86-1.7.8\lib" /LIBPATH:C:\libraries\i386\opencv\lib Assimp.lib DevIL.lib ILU.lib kernel32.lib user32.lib gdi32.lib winspool.lib comdlg32.lib advapi32.lib shell32.lib ole32.lib oleaut32.lib uuid.lib odbc32.lib odbccp32.lib opencv_core240d.lib opencv_highgui240d.lib opencv_imgproc240d.lib opencv_photo240d.lib opencv_video240d.lib opencv_videostab240d.lib kernel32.lib user32.lib gdi32.lib winspool.lib comdlg32.lib advapi32.lib shell32.lib ole32.lib oleaut32.lib uuid.lib odbc32.lib odbccp32.lib /MANIFEST /ManifestFile:"Debug\raytracer.exe.intermediate.manifest" /MANIFESTUAC:"level='asInvoker' uiAccess='false'" /DEBUG /PDB:"C:\PG612\ex09\Debug\raytracer.pdb" /SUBSYSTEM:CONSOLE /TLBID:1 /DYNAMICBASE /NXCOMPAT /IMPLIB:"C:\PG612\ex09\Debug\raytracer.lib" /MACHINE:X86 Debug\raytracer.exe.embed.manifest.res
         Debug\main.obj
         Debug\RayTracer.obj
       Manifest:
         C:\Program Files (x86)\Microsoft SDKs\Windows\v7.0A\bin\mt.exe /nologo /verbose /out:"Debug\raytracer.exe.embed.manifest" /manifest Debug\raytracer.exe.intermediate.manifest
         All outputs are up-to-date.
       LinkEmbedManifest:
         All outputs are up-to-date.
         raytracer.vcxproj -> C:\PG612\ex09\Debug\raytracer.exe
       FinalizeBuildStatus:
         Deleting file "Debug\raytracer.unsuccessfulbuild".
         Touching "Debug\raytracer.lastbuildstate".
     1>Done Building Project "C:\PG612\ex09\raytracer.vcxproj" (build target(s)).

Build succeeded.

Time Elapsed 00:00:01.51
